<?xml version="1.0" encoding="UTF-8"?>
<!-- Generated by org.testng.reporters.JUnitReportReporter -->
<testsuite hostname="LAPTOP-2J3ENAPP" failures="0" tests="1" name="Test_TestProject" time="0.007" errors="0" timestamp="2023-05-14T23:06:33 IST" skipped="0">
  <testcase classname="Test_TestProject" name="test_testproject" time="0.007"/>
  <system-out/>
</testsuite> <!-- Test_TestProject -->
